<?xml version="1.0" encoding="UTF-8"?>
<testsuite xmlns:xsi="http://www.w3.org/2001/XMLSchema-instance" xsi:noNamespaceSchemaLocation="https://maven.apache.org/surefire/maven-surefire-plugin/xsd/surefire-test-report-3.0.xsd" version="3.0" name="binod.suman.spark.AppTest" time="0.028" tests="1" errors="0" skipped="0" failures="0">
  <properties>
    <property name="java.specification.version" value="22"/>
    <property name="sun.cpu.isalist" value="amd64"/>
    <property name="sun.jnu.encoding" value="Cp1252"/>
    <property name="java.class.path" value="C:\Users\Amine-rm\Desktop\Big-data deploy\kafka-spark-streaming-integration\spark\target\test-classes;C:\Users\Amine-rm\Desktop\Big-data deploy\kafka-spark-streaming-integration\spark\target\classes;C:\Users\Amine-rm\.m2\repository\org\apache\spark\spark-core_2.12\3.5.0\spark-core_2.12-3.5.0.jar;C:\Users\Amine-rm\.m2\repository\org\apache\avro\avro\1.11.2\avro-1.11.2.jar;C:\Users\Amine-rm\.m2\repository\com\fasterxml\jackson\core\jackson-core\2.14.2\jackson-core-2.14.2.jar;C:\Users\Amine-rm\.m2\repository\org\apache\avro\avro-mapred\1.11.2\avro-mapred-1.11.2.jar;C:\Users\Amine-rm\.m2\repository\org\apache\avro\avro-ipc\1.11.2\avro-ipc-1.11.2.jar;C:\Users\Amine-rm\.m2\repository\org\tukaani\xz\1.9\xz-1.9.jar;C:\Users\Amine-rm\.m2\repository\com\twitter\chill_2.12\0.10.0\chill_2.12-0.10.0.jar;C:\Users\Amine-rm\.m2\repository\com\esotericsoftware\kryo-shaded\4.0.2\kryo-shaded-4.0.2.jar;C:\Users\Amine-rm\.m2\repository\com\esotericsoftware\minlog\1.3.0\minlog-1.3.0.jar;C:\Users\Amine-rm\.m2\repository\org\objenesis\objenesis\2.5.1\objenesis-2.5.1.jar;C:\Users\Amine-rm\.m2\repository\com\twitter\chill-java\0.10.0\chill-java-0.10.0.jar;C:\Users\Amine-rm\.m2\repository\org\apache\xbean\xbean-asm9-shaded\4.23\xbean-asm9-shaded-4.23.jar;C:\Users\Amine-rm\.m2\repository\org\apache\hadoop\hadoop-client-api\3.3.4\hadoop-client-api-3.3.4.jar;C:\Users\Amine-rm\.m2\repository\org\apache\hadoop\hadoop-client-runtime\3.3.4\hadoop-client-runtime-3.3.4.jar;C:\Users\Amine-rm\.m2\repository\commons-logging\commons-logging\1.1.3\commons-logging-1.1.3.jar;C:\Users\Amine-rm\.m2\repository\org\apache\spark\spark-launcher_2.12\3.5.0\spark-launcher_2.12-3.5.0.jar;C:\Users\Amine-rm\.m2\repository\org\apache\spark\spark-kvstore_2.12\3.5.0\spark-kvstore_2.12-3.5.0.jar;C:\Users\Amine-rm\.m2\repository\org\fusesource\leveldbjni\leveldbjni-all\1.8\leveldbjni-all-1.8.jar;C:\Users\Amine-rm\.m2\repository\com\fasterxml\jackson\core\jackson-annotations\2.15.2\jackson-annotations-2.15.2.jar;C:\Users\Amine-rm\.m2\repository\org\apache\spark\spark-network-common_2.12\3.5.0\spark-network-common_2.12-3.5.0.jar;C:\Users\Amine-rm\.m2\repository\com\google\crypto\tink\tink\1.9.0\tink-1.9.0.jar;C:\Users\Amine-rm\.m2\repository\com\google\code\gson\gson\2.10.1\gson-2.10.1.jar;C:\Users\Amine-rm\.m2\repository\com\google\protobuf\protobuf-java\3.19.6\protobuf-java-3.19.6.jar;C:\Users\Amine-rm\.m2\repository\org\apache\spark\spark-network-shuffle_2.12\3.5.0\spark-network-shuffle_2.12-3.5.0.jar;C:\Users\Amine-rm\.m2\repository\org\apache\spark\spark-unsafe_2.12\3.5.0\spark-unsafe_2.12-3.5.0.jar;C:\Users\Amine-rm\.m2\repository\org\apache\spark\spark-common-utils_2.12\3.5.0\spark-common-utils_2.12-3.5.0.jar;C:\Users\Amine-rm\.m2\repository\org\slf4j\jul-to-slf4j\2.0.7\jul-to-slf4j-2.0.7.jar;C:\Users\Amine-rm\.m2\repository\org\slf4j\jcl-over-slf4j\2.0.7\jcl-over-slf4j-2.0.7.jar;C:\Users\Amine-rm\.m2\repository\org\apache\logging\log4j\log4j-slf4j2-impl\2.20.0\log4j-slf4j2-impl-2.20.0.jar;C:\Users\Amine-rm\.m2\repository\org\apache\logging\log4j\log4j-api\2.20.0\log4j-api-2.20.0.jar;C:\Users\Amine-rm\.m2\repository\org\apache\logging\log4j\log4j-core\2.20.0\log4j-core-2.20.0.jar;C:\Users\Amine-rm\.m2\repository\org\apache\logging\log4j\log4j-1.2-api\2.20.0\log4j-1.2-api-2.20.0.jar;C:\Users\Amine-rm\.m2\repository\javax\activation\activation\1.1.1\activation-1.1.1.jar;C:\Users\Amine-rm\.m2\repository\org\apache\curator\curator-recipes\2.13.0\curator-recipes-2.13.0.jar;C:\Users\Amine-rm\.m2\repository\org\apache\curator\curator-framework\2.13.0\curator-framework-2.13.0.jar;C:\Users\Amine-rm\.m2\repository\org\apache\curator\curator-client\2.13.0\curator-client-2.13.0.jar;C:\Users\Amine-rm\.m2\repository\com\google\guava\guava\16.0.1\guava-16.0.1.jar;C:\Users\Amine-rm\.m2\repository\org\apache\zookeeper\zookeeper\3.6.3\zookeeper-3.6.3.jar;C:\Users\Amine-rm\.m2\repository\org\apache\zookeeper\zookeeper-jute\3.6.3\zookeeper-jute-3.6.3.jar;C:\Users\Amine-rm\.m2\repository\org\apache\yetus\audience-annotations\0.5.0\audience-annotations-0.5.0.jar;C:\Users\Amine-rm\.m2\repository\jakarta\servlet\jakarta.servlet-api\4.0.3\jakarta.servlet-api-4.0.3.jar;C:\Users\Amine-rm\.m2\repository\commons-codec\commons-codec\1.16.0\commons-codec-1.16.0.jar;C:\Users\Amine-rm\.m2\repository\org\apache\commons\commons-compress\1.23.0\commons-compress-1.23.0.jar;C:\Users\Amine-rm\.m2\repository\org\apache\commons\commons-math3\3.6.1\commons-math3-3.6.1.jar;C:\Users\Amine-rm\.m2\repository\org\apache\commons\commons-text\1.10.0\commons-text-1.10.0.jar;C:\Users\Amine-rm\.m2\repository\commons-io\commons-io\2.13.0\commons-io-2.13.0.jar;C:\Users\Amine-rm\.m2\repository\commons-collections\commons-collections\3.2.2\commons-collections-3.2.2.jar;C:\Users\Amine-rm\.m2\repository\org\apache\commons\commons-collections4\4.4\commons-collections4-4.4.jar;C:\Users\Amine-rm\.m2\repository\com\google\code\findbugs\jsr305\3.0.0\jsr305-3.0.0.jar;C:\Users\Amine-rm\.m2\repository\com\ning\compress-lzf\1.1.2\compress-lzf-1.1.2.jar;C:\Users\Amine-rm\.m2\repository\org\xerial\snappy\snappy-java\1.1.10.3\snappy-java-1.1.10.3.jar;C:\Users\Amine-rm\.m2\repository\org\lz4\lz4-java\1.8.0\lz4-java-1.8.0.jar;C:\Users\Amine-rm\.m2\repository\com\github\luben\zstd-jni\1.5.5-4\zstd-jni-1.5.5-4.jar;C:\Users\Amine-rm\.m2\repository\org\roaringbitmap\RoaringBitmap\0.9.45\RoaringBitmap-0.9.45.jar;C:\Users\Amine-rm\.m2\repository\org\roaringbitmap\shims\0.9.45\shims-0.9.45.jar;C:\Users\Amine-rm\.m2\repository\org\scala-lang\modules\scala-xml_2.12\2.1.0\scala-xml_2.12-2.1.0.jar;C:\Users\Amine-rm\.m2\repository\org\scala-lang\scala-library\2.12.18\scala-library-2.12.18.jar;C:\Users\Amine-rm\.m2\repository\org\scala-lang\scala-reflect\2.12.18\scala-reflect-2.12.18.jar;C:\Users\Amine-rm\.m2\repository\org\json4s\json4s-jackson_2.12\3.7.0-M11\json4s-jackson_2.12-3.7.0-M11.jar;C:\Users\Amine-rm\.m2\repository\org\json4s\json4s-core_2.12\3.7.0-M11\json4s-core_2.12-3.7.0-M11.jar;C:\Users\Amine-rm\.m2\repository\org\json4s\json4s-ast_2.12\3.7.0-M11\json4s-ast_2.12-3.7.0-M11.jar;C:\Users\Amine-rm\.m2\repository\org\json4s\json4s-scalap_2.12\3.7.0-M11\json4s-scalap_2.12-3.7.0-M11.jar;C:\Users\Amine-rm\.m2\repository\org\glassfish\jersey\core\jersey-client\2.40\jersey-client-2.40.jar;C:\Users\Amine-rm\.m2\repository\jakarta\ws\rs\jakarta.ws.rs-api\2.1.6\jakarta.ws.rs-api-2.1.6.jar;C:\Users\Amine-rm\.m2\repository\org\glassfish\hk2\external\jakarta.inject\2.6.1\jakarta.inject-2.6.1.jar;C:\Users\Amine-rm\.m2\repository\org\glassfish\jersey\core\jersey-common\2.40\jersey-common-2.40.jar;C:\Users\Amine-rm\.m2\repository\jakarta\annotation\jakarta.annotation-api\1.3.5\jakarta.annotation-api-1.3.5.jar;C:\Users\Amine-rm\.m2\repository\org\glassfish\hk2\osgi-resource-locator\1.0.3\osgi-resource-locator-1.0.3.jar;C:\Users\Amine-rm\.m2\repository\org\glassfish\jersey\core\jersey-server\2.40\jersey-server-2.40.jar;C:\Users\Amine-rm\.m2\repository\jakarta\validation\jakarta.validation-api\2.0.2\jakarta.validation-api-2.0.2.jar;C:\Users\Amine-rm\.m2\repository\org\glassfish\jersey\containers\jersey-container-servlet\2.40\jersey-container-servlet-2.40.jar;C:\Users\Amine-rm\.m2\repository\org\glassfish\jersey\containers\jersey-container-servlet-core\2.40\jersey-container-servlet-core-2.40.jar;C:\Users\Amine-rm\.m2\repository\org\glassfish\jersey\inject\jersey-hk2\2.40\jersey-hk2-2.40.jar;C:\Users\Amine-rm\.m2\repository\org\glassfish\hk2\hk2-locator\2.6.1\hk2-locator-2.6.1.jar;C:\Users\Amine-rm\.m2\repository\org\glassfish\hk2\external\aopalliance-repackaged\2.6.1\aopalliance-repackaged-2.6.1.jar;C:\Users\Amine-rm\.m2\repository\org\glassfish\hk2\hk2-api\2.6.1\hk2-api-2.6.1.jar;C:\Users\Amine-rm\.m2\repository\org\glassfish\hk2\hk2-utils\2.6.1\hk2-utils-2.6.1.jar;C:\Users\Amine-rm\.m2\repository\org\javassist\javassist\3.29.2-GA\javassist-3.29.2-GA.jar;C:\Users\Amine-rm\.m2\repository\io\netty\netty-all\4.1.96.Final\netty-all-4.1.96.Final.jar;C:\Users\Amine-rm\.m2\repository\io\netty\netty-buffer\4.1.96.Final\netty-buffer-4.1.96.Final.jar;C:\Users\Amine-rm\.m2\repository\io\netty\netty-codec\4.1.96.Final\netty-codec-4.1.96.Final.jar;C:\Users\Amine-rm\.m2\repository\io\netty\netty-codec-http\4.1.96.Final\netty-codec-http-4.1.96.Final.jar;C:\Users\Amine-rm\.m2\repository\io\netty\netty-codec-http2\4.1.96.Final\netty-codec-http2-4.1.96.Final.jar;C:\Users\Amine-rm\.m2\repository\io\netty\netty-codec-socks\4.1.96.Final\netty-codec-socks-4.1.96.Final.jar;C:\Users\Amine-rm\.m2\repository\io\netty\netty-common\4.1.96.Final\netty-common-4.1.96.Final.jar;C:\Users\Amine-rm\.m2\repository\io\netty\netty-handler\4.1.96.Final\netty-handler-4.1.96.Final.jar;C:\Users\Amine-rm\.m2\repository\io\netty\netty-transport-native-unix-common\4.1.96.Final\netty-transport-native-unix-common-4.1.96.Final.jar;C:\Users\Amine-rm\.m2\repository\io\netty\netty-handler-proxy\4.1.96.Final\netty-handler-proxy-4.1.96.Final.jar;C:\Users\Amine-rm\.m2\repository\io\netty\netty-resolver\4.1.96.Final\netty-resolver-4.1.96.Final.jar;C:\Users\Amine-rm\.m2\repository\io\netty\netty-transport\4.1.96.Final\netty-transport-4.1.96.Final.jar;C:\Users\Amine-rm\.m2\repository\io\netty\netty-transport-classes-epoll\4.1.96.Final\netty-transport-classes-epoll-4.1.96.Final.jar;C:\Users\Amine-rm\.m2\repository\io\netty\netty-transport-classes-kqueue\4.1.96.Final\netty-transport-classes-kqueue-4.1.96.Final.jar;C:\Users\Amine-rm\.m2\repository\io\netty\netty-transport-native-epoll\4.1.96.Final\netty-transport-native-epoll-4.1.96.Final-linux-x86_64.jar;C:\Users\Amine-rm\.m2\repository\io\netty\netty-transport-native-epoll\4.1.96.Final\netty-transport-native-epoll-4.1.96.Final-linux-aarch_64.jar;C:\Users\Amine-rm\.m2\repository\io\netty\netty-transport-native-kqueue\4.1.96.Final\netty-transport-native-kqueue-4.1.96.Final-osx-aarch_64.jar;C:\Users\Amine-rm\.m2\repository\io\netty\netty-transport-native-kqueue\4.1.96.Final\netty-transport-native-kqueue-4.1.96.Final-osx-x86_64.jar;C:\Users\Amine-rm\.m2\repository\com\clearspring\analytics\stream\2.9.6\stream-2.9.6.jar;C:\Users\Amine-rm\.m2\repository\io\dropwizard\metrics\metrics-core\4.2.19\metrics-core-4.2.19.jar;C:\Users\Amine-rm\.m2\repository\io\dropwizard\metrics\metrics-jvm\4.2.19\metrics-jvm-4.2.19.jar;C:\Users\Amine-rm\.m2\repository\io\dropwizard\metrics\metrics-json\4.2.19\metrics-json-4.2.19.jar;C:\Users\Amine-rm\.m2\repository\io\dropwizard\metrics\metrics-graphite\4.2.19\metrics-graphite-4.2.19.jar;C:\Users\Amine-rm\.m2\repository\io\dropwizard\metrics\metrics-jmx\4.2.19\metrics-jmx-4.2.19.jar;C:\Users\Amine-rm\.m2\repository\com\fasterxml\jackson\core\jackson-databind\2.15.2\jackson-databind-2.15.2.jar;C:\Users\Amine-rm\.m2\repository\com\fasterxml\jackson\module\jackson-module-scala_2.12\2.15.2\jackson-module-scala_2.12-2.15.2.jar;C:\Users\Amine-rm\.m2\repository\com\thoughtworks\paranamer\paranamer\2.8\paranamer-2.8.jar;C:\Users\Amine-rm\.m2\repository\org\apache\ivy\ivy\2.5.1\ivy-2.5.1.jar;C:\Users\Amine-rm\.m2\repository\oro\oro\2.0.8\oro-2.0.8.jar;C:\Users\Amine-rm\.m2\repository\net\razorvine\pickle\1.3\pickle-1.3.jar;C:\Users\Amine-rm\.m2\repository\net\sf\py4j\py4j\0.10.9.7\py4j-0.10.9.7.jar;C:\Users\Amine-rm\.m2\repository\org\apache\spark\spark-tags_2.12\3.5.0\spark-tags_2.12-3.5.0.jar;C:\Users\Amine-rm\.m2\repository\org\apache\commons\commons-crypto\1.1.0\commons-crypto-1.1.0.jar;C:\Users\Amine-rm\.m2\repository\org\apache\spark\spark-streaming_2.12\3.5.0\spark-streaming_2.12-3.5.0.jar;C:\Users\Amine-rm\.m2\repository\org\apache\spark\spark-sql-kafka-0-10_2.12\3.5.0\spark-sql-kafka-0-10_2.12-3.5.0.jar;C:\Users\Amine-rm\.m2\repository\org\apache\spark\spark-token-provider-kafka-0-10_2.12\3.5.0\spark-token-provider-kafka-0-10_2.12-3.5.0.jar;C:\Users\Amine-rm\.m2\repository\org\apache\commons\commons-pool2\2.11.1\commons-pool2-2.11.1.jar;C:\Users\Amine-rm\.m2\repository\org\apache\kafka\kafka-clients\3.8.0\kafka-clients-3.8.0.jar;C:\Users\Amine-rm\.m2\repository\org\slf4j\slf4j-api\1.7.36\slf4j-api-1.7.36.jar;C:\Users\Amine-rm\.m2\repository\org\apache\spark\spark-sql_2.12\3.5.0\spark-sql_2.12-3.5.0.jar;C:\Users\Amine-rm\.m2\repository\org\rocksdb\rocksdbjni\8.3.2\rocksdbjni-8.3.2.jar;C:\Users\Amine-rm\.m2\repository\com\univocity\univocity-parsers\2.9.1\univocity-parsers-2.9.1.jar;C:\Users\Amine-rm\.m2\repository\org\apache\spark\spark-sketch_2.12\3.5.0\spark-sketch_2.12-3.5.0.jar;C:\Users\Amine-rm\.m2\repository\org\apache\spark\spark-catalyst_2.12\3.5.0\spark-catalyst_2.12-3.5.0.jar;C:\Users\Amine-rm\.m2\repository\org\apache\spark\spark-sql-api_2.12\3.5.0\spark-sql-api_2.12-3.5.0.jar;C:\Users\Amine-rm\.m2\repository\org\antlr\antlr4-runtime\4.9.3\antlr4-runtime-4.9.3.jar;C:\Users\Amine-rm\.m2\repository\org\apache\arrow\arrow-vector\12.0.1\arrow-vector-12.0.1.jar;C:\Users\Amine-rm\.m2\repository\org\apache\arrow\arrow-format\12.0.1\arrow-format-12.0.1.jar;C:\Users\Amine-rm\.m2\repository\org\apache\arrow\arrow-memory-core\12.0.1\arrow-memory-core-12.0.1.jar;C:\Users\Amine-rm\.m2\repository\com\fasterxml\jackson\datatype\jackson-datatype-jsr310\2.15.1\jackson-datatype-jsr310-2.15.1.jar;C:\Users\Amine-rm\.m2\repository\com\google\flatbuffers\flatbuffers-java\1.12.0\flatbuffers-java-1.12.0.jar;C:\Users\Amine-rm\.m2\repository\org\apache\arrow\arrow-memory-netty\12.0.1\arrow-memory-netty-12.0.1.jar;C:\Users\Amine-rm\.m2\repository\org\codehaus\janino\janino\3.1.9\janino-3.1.9.jar;C:\Users\Amine-rm\.m2\repository\org\codehaus\janino\commons-compiler\3.1.9\commons-compiler-3.1.9.jar;C:\Users\Amine-rm\.m2\repository\org\apache\datasketches\datasketches-java\3.3.0\datasketches-java-3.3.0.jar;C:\Users\Amine-rm\.m2\repository\org\apache\datasketches\datasketches-memory\2.1.0\datasketches-memory-2.1.0.jar;C:\Users\Amine-rm\.m2\repository\org\apache\orc\orc-core\1.9.1\orc-core-1.9.1-shaded-protobuf.jar;C:\Users\Amine-rm\.m2\repository\org\apache\orc\orc-shims\1.9.1\orc-shims-1.9.1.jar;C:\Users\Amine-rm\.m2\repository\io\airlift\aircompressor\0.25\aircompressor-0.25.jar;C:\Users\Amine-rm\.m2\repository\org\jetbrains\annotations\17.0.0\annotations-17.0.0.jar;C:\Users\Amine-rm\.m2\repository\org\threeten\threeten-extra\1.7.1\threeten-extra-1.7.1.jar;C:\Users\Amine-rm\.m2\repository\org\apache\orc\orc-mapreduce\1.9.1\orc-mapreduce-1.9.1-shaded-protobuf.jar;C:\Users\Amine-rm\.m2\repository\org\apache\hive\hive-storage-api\2.8.1\hive-storage-api-2.8.1.jar;C:\Users\Amine-rm\.m2\repository\org\apache\parquet\parquet-column\1.13.1\parquet-column-1.13.1.jar;C:\Users\Amine-rm\.m2\repository\org\apache\parquet\parquet-common\1.13.1\parquet-common-1.13.1.jar;C:\Users\Amine-rm\.m2\repository\org\apache\parquet\parquet-encoding\1.13.1\parquet-encoding-1.13.1.jar;C:\Users\Amine-rm\.m2\repository\org\apache\parquet\parquet-hadoop\1.13.1\parquet-hadoop-1.13.1.jar;C:\Users\Amine-rm\.m2\repository\org\apache\parquet\parquet-format-structures\1.13.1\parquet-format-structures-1.13.1.jar;C:\Users\Amine-rm\.m2\repository\org\apache\parquet\parquet-jackson\1.13.1\parquet-jackson-1.13.1.jar;C:\Users\Amine-rm\.m2\repository\com\opencsv\opencsv\4.4\opencsv-4.4.jar;C:\Users\Amine-rm\.m2\repository\commons-beanutils\commons-beanutils\1.9.3\commons-beanutils-1.9.3.jar;C:\Users\Amine-rm\.m2\repository\org\apache\commons\commons-lang3\3.9\commons-lang3-3.9.jar;C:\Users\Amine-rm\.m2\repository\junit\junit\4.13.2\junit-4.13.2.jar;C:\Users\Amine-rm\.m2\repository\org\hamcrest\hamcrest-core\1.3\hamcrest-core-1.3.jar;C:\Users\Amine-rm\.m2\repository\com\holdenkarau\spark-testing-base_2.12\3.5.0_2.0.1\spark-testing-base_2.12-3.5.0_2.0.1.jar;C:\Users\Amine-rm\.m2\repository\org\apache\spark\spark-hive_2.12\3.5.0\spark-hive_2.12-3.5.0.jar;C:\Users\Amine-rm\.m2\repository\org\apache\hive\hive-common\2.3.9\hive-common-2.3.9.jar;C:\Users\Amine-rm\.m2\repository\commons-cli\commons-cli\1.2\commons-cli-1.2.jar;C:\Users\Amine-rm\.m2\repository\commons-lang\commons-lang\2.6\commons-lang-2.6.jar;C:\Users\Amine-rm\.m2\repository\jline\jline\2.12\jline-2.12.jar;C:\Users\Amine-rm\.m2\repository\com\tdunning\json\1.8\json-1.8.jar;C:\Users\Amine-rm\.m2\repository\com\github\joshelser\dropwizard-metrics-hadoop-metrics2-reporter\0.1.2\dropwizard-metrics-hadoop-metrics2-reporter-0.1.2.jar;C:\Users\Amine-rm\.m2\repository\org\apache\hive\hive-exec\2.3.9\hive-exec-2.3.9-core.jar;C:\Users\Amine-rm\.m2\repository\org\antlr\antlr-runtime\3.5.2\antlr-runtime-3.5.2.jar;C:\Users\Amine-rm\.m2\repository\org\antlr\ST4\4.0.4\ST4-4.0.4.jar;C:\Users\Amine-rm\.m2\repository\stax\stax-api\1.0.1\stax-api-1.0.1.jar;C:\Users\Amine-rm\.m2\repository\org\apache\hive\hive-metastore\2.3.9\hive-metastore-2.3.9.jar;C:\Users\Amine-rm\.m2\repository\javolution\javolution\5.5.1\javolution-5.5.1.jar;C:\Users\Amine-rm\.m2\repository\com\jolbox\bonecp\0.8.0.RELEASE\bonecp-0.8.0.RELEASE.jar;C:\Users\Amine-rm\.m2\repository\com\zaxxer\HikariCP\2.5.1\HikariCP-2.5.1.jar;C:\Users\Amine-rm\.m2\repository\org\datanucleus\datanucleus-api-jdo\4.2.4\datanucleus-api-jdo-4.2.4.jar;C:\Users\Amine-rm\.m2\repository\org\datanucleus\datanucleus-rdbms\4.1.19\datanucleus-rdbms-4.1.19.jar;C:\Users\Amine-rm\.m2\repository\commons-pool\commons-pool\1.5.4\commons-pool-1.5.4.jar;C:\Users\Amine-rm\.m2\repository\commons-dbcp\commons-dbcp\1.4\commons-dbcp-1.4.jar;C:\Users\Amine-rm\.m2\repository\javax\jdo\jdo-api\3.0.1\jdo-api-3.0.1.jar;C:\Users\Amine-rm\.m2\repository\javax\transaction\jta\1.1\jta-1.1.jar;C:\Users\Amine-rm\.m2\repository\org\datanucleus\javax.jdo\3.2.0-m3\javax.jdo-3.2.0-m3.jar;C:\Users\Amine-rm\.m2\repository\javax\transaction\transaction-api\1.1\transaction-api-1.1.jar;C:\Users\Amine-rm\.m2\repository\org\apache\hive\hive-serde\2.3.9\hive-serde-2.3.9.jar;C:\Users\Amine-rm\.m2\repository\net\sf\opencsv\opencsv\2.3\opencsv-2.3.jar;C:\Users\Amine-rm\.m2\repository\org\apache\hive\hive-shims\2.3.9\hive-shims-2.3.9.jar;C:\Users\Amine-rm\.m2\repository\org\apache\hive\shims\hive-shims-common\2.3.9\hive-shims-common-2.3.9.jar;C:\Users\Amine-rm\.m2\repository\org\apache\hive\shims\hive-shims-0.23\2.3.9\hive-shims-0.23-2.3.9.jar;C:\Users\Amine-rm\.m2\repository\org\apache\hive\shims\hive-shims-scheduler\2.3.9\hive-shims-scheduler-2.3.9.jar;C:\Users\Amine-rm\.m2\repository\org\apache\hive\hive-llap-common\2.3.9\hive-llap-common-2.3.9.jar;C:\Users\Amine-rm\.m2\repository\org\apache\hive\hive-llap-client\2.3.9\hive-llap-client-2.3.9.jar;C:\Users\Amine-rm\.m2\repository\org\apache\httpcomponents\httpclient\4.5.14\httpclient-4.5.14.jar;C:\Users\Amine-rm\.m2\repository\org\apache\httpcomponents\httpcore\4.4.16\httpcore-4.4.16.jar;C:\Users\Amine-rm\.m2\repository\org\codehaus\jackson\jackson-mapper-asl\1.9.13\jackson-mapper-asl-1.9.13.jar;C:\Users\Amine-rm\.m2\repository\org\codehaus\jackson\jackson-core-asl\1.9.13\jackson-core-asl-1.9.13.jar;C:\Users\Amine-rm\.m2\repository\joda-time\joda-time\2.12.5\joda-time-2.12.5.jar;C:\Users\Amine-rm\.m2\repository\org\jodd\jodd-core\3.5.2\jodd-core-3.5.2.jar;C:\Users\Amine-rm\.m2\repository\org\datanucleus\datanucleus-core\4.1.17\datanucleus-core-4.1.17.jar;C:\Users\Amine-rm\.m2\repository\org\apache\thrift\libthrift\0.12.0\libthrift-0.12.0.jar;C:\Users\Amine-rm\.m2\repository\org\apache\thrift\libfb303\0.9.3\libfb303-0.9.3.jar;C:\Users\Amine-rm\.m2\repository\org\apache\derby\derby\10.14.2.0\derby-10.14.2.0.jar;C:\Users\Amine-rm\.m2\repository\org\apache\spark\spark-mllib_2.12\3.5.0\spark-mllib_2.12-3.5.0.jar;C:\Users\Amine-rm\.m2\repository\org\scala-lang\modules\scala-parser-combinators_2.12\2.3.0\scala-parser-combinators_2.12-2.3.0.jar;C:\Users\Amine-rm\.m2\repository\org\apache\spark\spark-graphx_2.12\3.5.0\spark-graphx_2.12-3.5.0.jar;C:\Users\Amine-rm\.m2\repository\net\sourceforge\f2j\arpack_combined_all\0.1\arpack_combined_all-0.1.jar;C:\Users\Amine-rm\.m2\repository\org\apache\spark\spark-mllib-local_2.12\3.5.0\spark-mllib-local_2.12-3.5.0.jar;C:\Users\Amine-rm\.m2\repository\org\scalanlp\breeze_2.12\2.1.0\breeze_2.12-2.1.0.jar;C:\Users\Amine-rm\.m2\repository\org\scalanlp\breeze-macros_2.12\2.1.0\breeze-macros_2.12-2.1.0.jar;C:\Users\Amine-rm\.m2\repository\com\github\wendykierp\JTransforms\3.1\JTransforms-3.1.jar;C:\Users\Amine-rm\.m2\repository\pl\edu\icm\JLargeArrays\1.5\JLargeArrays-1.5.jar;C:\Users\Amine-rm\.m2\repository\org\scala-lang\modules\scala-collection-compat_2.12\2.7.0\scala-collection-compat_2.12-2.7.0.jar;C:\Users\Amine-rm\.m2\repository\org\typelevel\spire_2.12\0.17.0\spire_2.12-0.17.0.jar;C:\Users\Amine-rm\.m2\repository\org\typelevel\spire-macros_2.12\0.17.0\spire-macros_2.12-0.17.0.jar;C:\Users\Amine-rm\.m2\repository\org\typelevel\spire-platform_2.12\0.17.0\spire-platform_2.12-0.17.0.jar;C:\Users\Amine-rm\.m2\repository\org\typelevel\spire-util_2.12\0.17.0\spire-util_2.12-0.17.0.jar;C:\Users\Amine-rm\.m2\repository\org\typelevel\algebra_2.12\2.0.1\algebra_2.12-2.0.1.jar;C:\Users\Amine-rm\.m2\repository\org\typelevel\cats-kernel_2.12\2.1.1\cats-kernel_2.12-2.1.1.jar;C:\Users\Amine-rm\.m2\repository\org\glassfish\jaxb\jaxb-runtime\2.3.2\jaxb-runtime-2.3.2.jar;C:\Users\Amine-rm\.m2\repository\jakarta\xml\bind\jakarta.xml.bind-api\2.3.2\jakarta.xml.bind-api-2.3.2.jar;C:\Users\Amine-rm\.m2\repository\com\sun\istack\istack-commons-runtime\3.0.8\istack-commons-runtime-3.0.8.jar;C:\Users\Amine-rm\.m2\repository\dev\ludovic\netlib\blas\3.0.3\blas-3.0.3.jar;C:\Users\Amine-rm\.m2\repository\dev\ludovic\netlib\lapack\3.0.3\lapack-3.0.3.jar;C:\Users\Amine-rm\.m2\repository\dev\ludovic\netlib\arpack\3.0.3\arpack-3.0.3.jar;C:\Users\Amine-rm\.m2\repository\org\scalatest\scalatest_2.12\3.2.17\scalatest_2.12-3.2.17.jar;C:\Users\Amine-rm\.m2\repository\org\scalatest\scalatest-core_2.12\3.2.17\scalatest-core_2.12-3.2.17.jar;C:\Users\Amine-rm\.m2\repository\org\scalatest\scalatest-compatible\3.2.17\scalatest-compatible-3.2.17.jar;C:\Users\Amine-rm\.m2\repository\org\scalactic\scalactic_2.12\3.2.17\scalactic_2.12-3.2.17.jar;C:\Users\Amine-rm\.m2\repository\org\scalatest\scalatest-featurespec_2.12\3.2.17\scalatest-featurespec_2.12-3.2.17.jar;C:\Users\Amine-rm\.m2\repository\org\scalatest\scalatest-flatspec_2.12\3.2.17\scalatest-flatspec_2.12-3.2.17.jar;C:\Users\Amine-rm\.m2\repository\org\scalatest\scalatest-freespec_2.12\3.2.17\scalatest-freespec_2.12-3.2.17.jar;C:\Users\Amine-rm\.m2\repository\org\scalatest\scalatest-funsuite_2.12\3.2.17\scalatest-funsuite_2.12-3.2.17.jar;C:\Users\Amine-rm\.m2\repository\org\scalatest\scalatest-funspec_2.12\3.2.17\scalatest-funspec_2.12-3.2.17.jar;C:\Users\Amine-rm\.m2\repository\org\scalatest\scalatest-propspec_2.12\3.2.17\scalatest-propspec_2.12-3.2.17.jar;C:\Users\Amine-rm\.m2\repository\org\scalatest\scalatest-refspec_2.12\3.2.17\scalatest-refspec_2.12-3.2.17.jar;C:\Users\Amine-rm\.m2\repository\org\scalatest\scalatest-wordspec_2.12\3.2.17\scalatest-wordspec_2.12-3.2.17.jar;C:\Users\Amine-rm\.m2\repository\org\scalatest\scalatest-diagrams_2.12\3.2.17\scalatest-diagrams_2.12-3.2.17.jar;C:\Users\Amine-rm\.m2\repository\org\scalatest\scalatest-matchers-core_2.12\3.2.17\scalatest-matchers-core_2.12-3.2.17.jar;C:\Users\Amine-rm\.m2\repository\org\scalatest\scalatest-shouldmatchers_2.12\3.2.17\scalatest-shouldmatchers_2.12-3.2.17.jar;C:\Users\Amine-rm\.m2\repository\org\scalatest\scalatest-mustmatchers_2.12\3.2.17\scalatest-mustmatchers_2.12-3.2.17.jar;C:\Users\Amine-rm\.m2\repository\org\scalatestplus\scalacheck-1-15_2.12\3.2.3.0\scalacheck-1-15_2.12-3.2.3.0.jar;C:\Users\Amine-rm\.m2\repository\org\scalatestplus\junit-4-13_2.12\3.2.19.0\junit-4-13_2.12-3.2.19.0.jar;C:\Users\Amine-rm\.m2\repository\org\scalacheck\scalacheck_2.12\1.15.2\scalacheck_2.12-1.15.2.jar;C:\Users\Amine-rm\.m2\repository\org\scala-sbt\test-interface\1.0\test-interface-1.0.jar;C:\Users\Amine-rm\.m2\repository\org\eclipse\jetty\jetty-util\9.4.51.v20230217\jetty-util-9.4.51.v20230217.jar;C:\Users\Amine-rm\.m2\repository\io\netty\netty-tcnative-classes\2.0.52.Final\netty-tcnative-classes-2.0.52.Final.jar;"/>
    <property name="java.vm.vendor" value="Oracle Corporation"/>
    <property name="sun.arch.data.model" value="64"/>
    <property name="user.variant" value=""/>
    <property name="java.vendor.url" value="https://java.oracle.com/"/>
    <property name="user.timezone" value="Africa/Tunis"/>
    <property name="os.name" value="Windows 11"/>
    <property name="java.vm.specification.version" value="22"/>
    <property name="sun.java.launcher" value="SUN_STANDARD"/>
    <property name="user.country" value="US"/>
    <property name="sun.boot.library.path" value="C:\Users\Amine-rm\.jdks\openjdk-22\bin"/>
    <property name="sun.java.command" value="C:\Users\Amine-rm\AppData\Local\Temp\surefire12285685459902810543\surefirebooter-20241004004542618_3.jar C:\Users\Amine-rm\AppData\Local\Temp\surefire12285685459902810543 2024-10-04T00-45-42_533-jvmRun1 surefire-20241004004542618_1tmp surefire_0-20241004004542618_2tmp"/>
    <property name="jdk.debug" value="release"/>
    <property name="surefire.test.class.path" value="C:\Users\Amine-rm\Desktop\Big-data deploy\kafka-spark-streaming-integration\spark\target\test-classes;C:\Users\Amine-rm\Desktop\Big-data deploy\kafka-spark-streaming-integration\spark\target\classes;C:\Users\Amine-rm\.m2\repository\org\apache\spark\spark-core_2.12\3.5.0\spark-core_2.12-3.5.0.jar;C:\Users\Amine-rm\.m2\repository\org\apache\avro\avro\1.11.2\avro-1.11.2.jar;C:\Users\Amine-rm\.m2\repository\com\fasterxml\jackson\core\jackson-core\2.14.2\jackson-core-2.14.2.jar;C:\Users\Amine-rm\.m2\repository\org\apache\avro\avro-mapred\1.11.2\avro-mapred-1.11.2.jar;C:\Users\Amine-rm\.m2\repository\org\apache\avro\avro-ipc\1.11.2\avro-ipc-1.11.2.jar;C:\Users\Amine-rm\.m2\repository\org\tukaani\xz\1.9\xz-1.9.jar;C:\Users\Amine-rm\.m2\repository\com\twitter\chill_2.12\0.10.0\chill_2.12-0.10.0.jar;C:\Users\Amine-rm\.m2\repository\com\esotericsoftware\kryo-shaded\4.0.2\kryo-shaded-4.0.2.jar;C:\Users\Amine-rm\.m2\repository\com\esotericsoftware\minlog\1.3.0\minlog-1.3.0.jar;C:\Users\Amine-rm\.m2\repository\org\objenesis\objenesis\2.5.1\objenesis-2.5.1.jar;C:\Users\Amine-rm\.m2\repository\com\twitter\chill-java\0.10.0\chill-java-0.10.0.jar;C:\Users\Amine-rm\.m2\repository\org\apache\xbean\xbean-asm9-shaded\4.23\xbean-asm9-shaded-4.23.jar;C:\Users\Amine-rm\.m2\repository\org\apache\hadoop\hadoop-client-api\3.3.4\hadoop-client-api-3.3.4.jar;C:\Users\Amine-rm\.m2\repository\org\apache\hadoop\hadoop-client-runtime\3.3.4\hadoop-client-runtime-3.3.4.jar;C:\Users\Amine-rm\.m2\repository\commons-logging\commons-logging\1.1.3\commons-logging-1.1.3.jar;C:\Users\Amine-rm\.m2\repository\org\apache\spark\spark-launcher_2.12\3.5.0\spark-launcher_2.12-3.5.0.jar;C:\Users\Amine-rm\.m2\repository\org\apache\spark\spark-kvstore_2.12\3.5.0\spark-kvstore_2.12-3.5.0.jar;C:\Users\Amine-rm\.m2\repository\org\fusesource\leveldbjni\leveldbjni-all\1.8\leveldbjni-all-1.8.jar;C:\Users\Amine-rm\.m2\repository\com\fasterxml\jackson\core\jackson-annotations\2.15.2\jackson-annotations-2.15.2.jar;C:\Users\Amine-rm\.m2\repository\org\apache\spark\spark-network-common_2.12\3.5.0\spark-network-common_2.12-3.5.0.jar;C:\Users\Amine-rm\.m2\repository\com\google\crypto\tink\tink\1.9.0\tink-1.9.0.jar;C:\Users\Amine-rm\.m2\repository\com\google\code\gson\gson\2.10.1\gson-2.10.1.jar;C:\Users\Amine-rm\.m2\repository\com\google\protobuf\protobuf-java\3.19.6\protobuf-java-3.19.6.jar;C:\Users\Amine-rm\.m2\repository\org\apache\spark\spark-network-shuffle_2.12\3.5.0\spark-network-shuffle_2.12-3.5.0.jar;C:\Users\Amine-rm\.m2\repository\org\apache\spark\spark-unsafe_2.12\3.5.0\spark-unsafe_2.12-3.5.0.jar;C:\Users\Amine-rm\.m2\repository\org\apache\spark\spark-common-utils_2.12\3.5.0\spark-common-utils_2.12-3.5.0.jar;C:\Users\Amine-rm\.m2\repository\org\slf4j\jul-to-slf4j\2.0.7\jul-to-slf4j-2.0.7.jar;C:\Users\Amine-rm\.m2\repository\org\slf4j\jcl-over-slf4j\2.0.7\jcl-over-slf4j-2.0.7.jar;C:\Users\Amine-rm\.m2\repository\org\apache\logging\log4j\log4j-slf4j2-impl\2.20.0\log4j-slf4j2-impl-2.20.0.jar;C:\Users\Amine-rm\.m2\repository\org\apache\logging\log4j\log4j-api\2.20.0\log4j-api-2.20.0.jar;C:\Users\Amine-rm\.m2\repository\org\apache\logging\log4j\log4j-core\2.20.0\log4j-core-2.20.0.jar;C:\Users\Amine-rm\.m2\repository\org\apache\logging\log4j\log4j-1.2-api\2.20.0\log4j-1.2-api-2.20.0.jar;C:\Users\Amine-rm\.m2\repository\javax\activation\activation\1.1.1\activation-1.1.1.jar;C:\Users\Amine-rm\.m2\repository\org\apache\curator\curator-recipes\2.13.0\curator-recipes-2.13.0.jar;C:\Users\Amine-rm\.m2\repository\org\apache\curator\curator-framework\2.13.0\curator-framework-2.13.0.jar;C:\Users\Amine-rm\.m2\repository\org\apache\curator\curator-client\2.13.0\curator-client-2.13.0.jar;C:\Users\Amine-rm\.m2\repository\com\google\guava\guava\16.0.1\guava-16.0.1.jar;C:\Users\Amine-rm\.m2\repository\org\apache\zookeeper\zookeeper\3.6.3\zookeeper-3.6.3.jar;C:\Users\Amine-rm\.m2\repository\org\apache\zookeeper\zookeeper-jute\3.6.3\zookeeper-jute-3.6.3.jar;C:\Users\Amine-rm\.m2\repository\org\apache\yetus\audience-annotations\0.5.0\audience-annotations-0.5.0.jar;C:\Users\Amine-rm\.m2\repository\jakarta\servlet\jakarta.servlet-api\4.0.3\jakarta.servlet-api-4.0.3.jar;C:\Users\Amine-rm\.m2\repository\commons-codec\commons-codec\1.16.0\commons-codec-1.16.0.jar;C:\Users\Amine-rm\.m2\repository\org\apache\commons\commons-compress\1.23.0\commons-compress-1.23.0.jar;C:\Users\Amine-rm\.m2\repository\org\apache\commons\commons-math3\3.6.1\commons-math3-3.6.1.jar;C:\Users\Amine-rm\.m2\repository\org\apache\commons\commons-text\1.10.0\commons-text-1.10.0.jar;C:\Users\Amine-rm\.m2\repository\commons-io\commons-io\2.13.0\commons-io-2.13.0.jar;C:\Users\Amine-rm\.m2\repository\commons-collections\commons-collections\3.2.2\commons-collections-3.2.2.jar;C:\Users\Amine-rm\.m2\repository\org\apache\commons\commons-collections4\4.4\commons-collections4-4.4.jar;C:\Users\Amine-rm\.m2\repository\com\google\code\findbugs\jsr305\3.0.0\jsr305-3.0.0.jar;C:\Users\Amine-rm\.m2\repository\com\ning\compress-lzf\1.1.2\compress-lzf-1.1.2.jar;C:\Users\Amine-rm\.m2\repository\org\xerial\snappy\snappy-java\1.1.10.3\snappy-java-1.1.10.3.jar;C:\Users\Amine-rm\.m2\repository\org\lz4\lz4-java\1.8.0\lz4-java-1.8.0.jar;C:\Users\Amine-rm\.m2\repository\com\github\luben\zstd-jni\1.5.5-4\zstd-jni-1.5.5-4.jar;C:\Users\Amine-rm\.m2\repository\org\roaringbitmap\RoaringBitmap\0.9.45\RoaringBitmap-0.9.45.jar;C:\Users\Amine-rm\.m2\repository\org\roaringbitmap\shims\0.9.45\shims-0.9.45.jar;C:\Users\Amine-rm\.m2\repository\org\scala-lang\modules\scala-xml_2.12\2.1.0\scala-xml_2.12-2.1.0.jar;C:\Users\Amine-rm\.m2\repository\org\scala-lang\scala-library\2.12.18\scala-library-2.12.18.jar;C:\Users\Amine-rm\.m2\repository\org\scala-lang\scala-reflect\2.12.18\scala-reflect-2.12.18.jar;C:\Users\Amine-rm\.m2\repository\org\json4s\json4s-jackson_2.12\3.7.0-M11\json4s-jackson_2.12-3.7.0-M11.jar;C:\Users\Amine-rm\.m2\repository\org\json4s\json4s-core_2.12\3.7.0-M11\json4s-core_2.12-3.7.0-M11.jar;C:\Users\Amine-rm\.m2\repository\org\json4s\json4s-ast_2.12\3.7.0-M11\json4s-ast_2.12-3.7.0-M11.jar;C:\Users\Amine-rm\.m2\repository\org\json4s\json4s-scalap_2.12\3.7.0-M11\json4s-scalap_2.12-3.7.0-M11.jar;C:\Users\Amine-rm\.m2\repository\org\glassfish\jersey\core\jersey-client\2.40\jersey-client-2.40.jar;C:\Users\Amine-rm\.m2\repository\jakarta\ws\rs\jakarta.ws.rs-api\2.1.6\jakarta.ws.rs-api-2.1.6.jar;C:\Users\Amine-rm\.m2\repository\org\glassfish\hk2\external\jakarta.inject\2.6.1\jakarta.inject-2.6.1.jar;C:\Users\Amine-rm\.m2\repository\org\glassfish\jersey\core\jersey-common\2.40\jersey-common-2.40.jar;C:\Users\Amine-rm\.m2\repository\jakarta\annotation\jakarta.annotation-api\1.3.5\jakarta.annotation-api-1.3.5.jar;C:\Users\Amine-rm\.m2\repository\org\glassfish\hk2\osgi-resource-locator\1.0.3\osgi-resource-locator-1.0.3.jar;C:\Users\Amine-rm\.m2\repository\org\glassfish\jersey\core\jersey-server\2.40\jersey-server-2.40.jar;C:\Users\Amine-rm\.m2\repository\jakarta\validation\jakarta.validation-api\2.0.2\jakarta.validation-api-2.0.2.jar;C:\Users\Amine-rm\.m2\repository\org\glassfish\jersey\containers\jersey-container-servlet\2.40\jersey-container-servlet-2.40.jar;C:\Users\Amine-rm\.m2\repository\org\glassfish\jersey\containers\jersey-container-servlet-core\2.40\jersey-container-servlet-core-2.40.jar;C:\Users\Amine-rm\.m2\repository\org\glassfish\jersey\inject\jersey-hk2\2.40\jersey-hk2-2.40.jar;C:\Users\Amine-rm\.m2\repository\org\glassfish\hk2\hk2-locator\2.6.1\hk2-locator-2.6.1.jar;C:\Users\Amine-rm\.m2\repository\org\glassfish\hk2\external\aopalliance-repackaged\2.6.1\aopalliance-repackaged-2.6.1.jar;C:\Users\Amine-rm\.m2\repository\org\glassfish\hk2\hk2-api\2.6.1\hk2-api-2.6.1.jar;C:\Users\Amine-rm\.m2\repository\org\glassfish\hk2\hk2-utils\2.6.1\hk2-utils-2.6.1.jar;C:\Users\Amine-rm\.m2\repository\org\javassist\javassist\3.29.2-GA\javassist-3.29.2-GA.jar;C:\Users\Amine-rm\.m2\repository\io\netty\netty-all\4.1.96.Final\netty-all-4.1.96.Final.jar;C:\Users\Amine-rm\.m2\repository\io\netty\netty-buffer\4.1.96.Final\netty-buffer-4.1.96.Final.jar;C:\Users\Amine-rm\.m2\repository\io\netty\netty-codec\4.1.96.Final\netty-codec-4.1.96.Final.jar;C:\Users\Amine-rm\.m2\repository\io\netty\netty-codec-http\4.1.96.Final\netty-codec-http-4.1.96.Final.jar;C:\Users\Amine-rm\.m2\repository\io\netty\netty-codec-http2\4.1.96.Final\netty-codec-http2-4.1.96.Final.jar;C:\Users\Amine-rm\.m2\repository\io\netty\netty-codec-socks\4.1.96.Final\netty-codec-socks-4.1.96.Final.jar;C:\Users\Amine-rm\.m2\repository\io\netty\netty-common\4.1.96.Final\netty-common-4.1.96.Final.jar;C:\Users\Amine-rm\.m2\repository\io\netty\netty-handler\4.1.96.Final\netty-handler-4.1.96.Final.jar;C:\Users\Amine-rm\.m2\repository\io\netty\netty-transport-native-unix-common\4.1.96.Final\netty-transport-native-unix-common-4.1.96.Final.jar;C:\Users\Amine-rm\.m2\repository\io\netty\netty-handler-proxy\4.1.96.Final\netty-handler-proxy-4.1.96.Final.jar;C:\Users\Amine-rm\.m2\repository\io\netty\netty-resolver\4.1.96.Final\netty-resolver-4.1.96.Final.jar;C:\Users\Amine-rm\.m2\repository\io\netty\netty-transport\4.1.96.Final\netty-transport-4.1.96.Final.jar;C:\Users\Amine-rm\.m2\repository\io\netty\netty-transport-classes-epoll\4.1.96.Final\netty-transport-classes-epoll-4.1.96.Final.jar;C:\Users\Amine-rm\.m2\repository\io\netty\netty-transport-classes-kqueue\4.1.96.Final\netty-transport-classes-kqueue-4.1.96.Final.jar;C:\Users\Amine-rm\.m2\repository\io\netty\netty-transport-native-epoll\4.1.96.Final\netty-transport-native-epoll-4.1.96.Final-linux-x86_64.jar;C:\Users\Amine-rm\.m2\repository\io\netty\netty-transport-native-epoll\4.1.96.Final\netty-transport-native-epoll-4.1.96.Final-linux-aarch_64.jar;C:\Users\Amine-rm\.m2\repository\io\netty\netty-transport-native-kqueue\4.1.96.Final\netty-transport-native-kqueue-4.1.96.Final-osx-aarch_64.jar;C:\Users\Amine-rm\.m2\repository\io\netty\netty-transport-native-kqueue\4.1.96.Final\netty-transport-native-kqueue-4.1.96.Final-osx-x86_64.jar;C:\Users\Amine-rm\.m2\repository\com\clearspring\analytics\stream\2.9.6\stream-2.9.6.jar;C:\Users\Amine-rm\.m2\repository\io\dropwizard\metrics\metrics-core\4.2.19\metrics-core-4.2.19.jar;C:\Users\Amine-rm\.m2\repository\io\dropwizard\metrics\metrics-jvm\4.2.19\metrics-jvm-4.2.19.jar;C:\Users\Amine-rm\.m2\repository\io\dropwizard\metrics\metrics-json\4.2.19\metrics-json-4.2.19.jar;C:\Users\Amine-rm\.m2\repository\io\dropwizard\metrics\metrics-graphite\4.2.19\metrics-graphite-4.2.19.jar;C:\Users\Amine-rm\.m2\repository\io\dropwizard\metrics\metrics-jmx\4.2.19\metrics-jmx-4.2.19.jar;C:\Users\Amine-rm\.m2\repository\com\fasterxml\jackson\core\jackson-databind\2.15.2\jackson-databind-2.15.2.jar;C:\Users\Amine-rm\.m2\repository\com\fasterxml\jackson\module\jackson-module-scala_2.12\2.15.2\jackson-module-scala_2.12-2.15.2.jar;C:\Users\Amine-rm\.m2\repository\com\thoughtworks\paranamer\paranamer\2.8\paranamer-2.8.jar;C:\Users\Amine-rm\.m2\repository\org\apache\ivy\ivy\2.5.1\ivy-2.5.1.jar;C:\Users\Amine-rm\.m2\repository\oro\oro\2.0.8\oro-2.0.8.jar;C:\Users\Amine-rm\.m2\repository\net\razorvine\pickle\1.3\pickle-1.3.jar;C:\Users\Amine-rm\.m2\repository\net\sf\py4j\py4j\0.10.9.7\py4j-0.10.9.7.jar;C:\Users\Amine-rm\.m2\repository\org\apache\spark\spark-tags_2.12\3.5.0\spark-tags_2.12-3.5.0.jar;C:\Users\Amine-rm\.m2\repository\org\apache\commons\commons-crypto\1.1.0\commons-crypto-1.1.0.jar;C:\Users\Amine-rm\.m2\repository\org\apache\spark\spark-streaming_2.12\3.5.0\spark-streaming_2.12-3.5.0.jar;C:\Users\Amine-rm\.m2\repository\org\apache\spark\spark-sql-kafka-0-10_2.12\3.5.0\spark-sql-kafka-0-10_2.12-3.5.0.jar;C:\Users\Amine-rm\.m2\repository\org\apache\spark\spark-token-provider-kafka-0-10_2.12\3.5.0\spark-token-provider-kafka-0-10_2.12-3.5.0.jar;C:\Users\Amine-rm\.m2\repository\org\apache\commons\commons-pool2\2.11.1\commons-pool2-2.11.1.jar;C:\Users\Amine-rm\.m2\repository\org\apache\kafka\kafka-clients\3.8.0\kafka-clients-3.8.0.jar;C:\Users\Amine-rm\.m2\repository\org\slf4j\slf4j-api\1.7.36\slf4j-api-1.7.36.jar;C:\Users\Amine-rm\.m2\repository\org\apache\spark\spark-sql_2.12\3.5.0\spark-sql_2.12-3.5.0.jar;C:\Users\Amine-rm\.m2\repository\org\rocksdb\rocksdbjni\8.3.2\rocksdbjni-8.3.2.jar;C:\Users\Amine-rm\.m2\repository\com\univocity\univocity-parsers\2.9.1\univocity-parsers-2.9.1.jar;C:\Users\Amine-rm\.m2\repository\org\apache\spark\spark-sketch_2.12\3.5.0\spark-sketch_2.12-3.5.0.jar;C:\Users\Amine-rm\.m2\repository\org\apache\spark\spark-catalyst_2.12\3.5.0\spark-catalyst_2.12-3.5.0.jar;C:\Users\Amine-rm\.m2\repository\org\apache\spark\spark-sql-api_2.12\3.5.0\spark-sql-api_2.12-3.5.0.jar;C:\Users\Amine-rm\.m2\repository\org\antlr\antlr4-runtime\4.9.3\antlr4-runtime-4.9.3.jar;C:\Users\Amine-rm\.m2\repository\org\apache\arrow\arrow-vector\12.0.1\arrow-vector-12.0.1.jar;C:\Users\Amine-rm\.m2\repository\org\apache\arrow\arrow-format\12.0.1\arrow-format-12.0.1.jar;C:\Users\Amine-rm\.m2\repository\org\apache\arrow\arrow-memory-core\12.0.1\arrow-memory-core-12.0.1.jar;C:\Users\Amine-rm\.m2\repository\com\fasterxml\jackson\datatype\jackson-datatype-jsr310\2.15.1\jackson-datatype-jsr310-2.15.1.jar;C:\Users\Amine-rm\.m2\repository\com\google\flatbuffers\flatbuffers-java\1.12.0\flatbuffers-java-1.12.0.jar;C:\Users\Amine-rm\.m2\repository\org\apache\arrow\arrow-memory-netty\12.0.1\arrow-memory-netty-12.0.1.jar;C:\Users\Amine-rm\.m2\repository\org\codehaus\janino\janino\3.1.9\janino-3.1.9.jar;C:\Users\Amine-rm\.m2\repository\org\codehaus\janino\commons-compiler\3.1.9\commons-compiler-3.1.9.jar;C:\Users\Amine-rm\.m2\repository\org\apache\datasketches\datasketches-java\3.3.0\datasketches-java-3.3.0.jar;C:\Users\Amine-rm\.m2\repository\org\apache\datasketches\datasketches-memory\2.1.0\datasketches-memory-2.1.0.jar;C:\Users\Amine-rm\.m2\repository\org\apache\orc\orc-core\1.9.1\orc-core-1.9.1-shaded-protobuf.jar;C:\Users\Amine-rm\.m2\repository\org\apache\orc\orc-shims\1.9.1\orc-shims-1.9.1.jar;C:\Users\Amine-rm\.m2\repository\io\airlift\aircompressor\0.25\aircompressor-0.25.jar;C:\Users\Amine-rm\.m2\repository\org\jetbrains\annotations\17.0.0\annotations-17.0.0.jar;C:\Users\Amine-rm\.m2\repository\org\threeten\threeten-extra\1.7.1\threeten-extra-1.7.1.jar;C:\Users\Amine-rm\.m2\repository\org\apache\orc\orc-mapreduce\1.9.1\orc-mapreduce-1.9.1-shaded-protobuf.jar;C:\Users\Amine-rm\.m2\repository\org\apache\hive\hive-storage-api\2.8.1\hive-storage-api-2.8.1.jar;C:\Users\Amine-rm\.m2\repository\org\apache\parquet\parquet-column\1.13.1\parquet-column-1.13.1.jar;C:\Users\Amine-rm\.m2\repository\org\apache\parquet\parquet-common\1.13.1\parquet-common-1.13.1.jar;C:\Users\Amine-rm\.m2\repository\org\apache\parquet\parquet-encoding\1.13.1\parquet-encoding-1.13.1.jar;C:\Users\Amine-rm\.m2\repository\org\apache\parquet\parquet-hadoop\1.13.1\parquet-hadoop-1.13.1.jar;C:\Users\Amine-rm\.m2\repository\org\apache\parquet\parquet-format-structures\1.13.1\parquet-format-structures-1.13.1.jar;C:\Users\Amine-rm\.m2\repository\org\apache\parquet\parquet-jackson\1.13.1\parquet-jackson-1.13.1.jar;C:\Users\Amine-rm\.m2\repository\com\opencsv\opencsv\4.4\opencsv-4.4.jar;C:\Users\Amine-rm\.m2\repository\commons-beanutils\commons-beanutils\1.9.3\commons-beanutils-1.9.3.jar;C:\Users\Amine-rm\.m2\repository\org\apache\commons\commons-lang3\3.9\commons-lang3-3.9.jar;C:\Users\Amine-rm\.m2\repository\junit\junit\4.13.2\junit-4.13.2.jar;C:\Users\Amine-rm\.m2\repository\org\hamcrest\hamcrest-core\1.3\hamcrest-core-1.3.jar;C:\Users\Amine-rm\.m2\repository\com\holdenkarau\spark-testing-base_2.12\3.5.0_2.0.1\spark-testing-base_2.12-3.5.0_2.0.1.jar;C:\Users\Amine-rm\.m2\repository\org\apache\spark\spark-hive_2.12\3.5.0\spark-hive_2.12-3.5.0.jar;C:\Users\Amine-rm\.m2\repository\org\apache\hive\hive-common\2.3.9\hive-common-2.3.9.jar;C:\Users\Amine-rm\.m2\repository\commons-cli\commons-cli\1.2\commons-cli-1.2.jar;C:\Users\Amine-rm\.m2\repository\commons-lang\commons-lang\2.6\commons-lang-2.6.jar;C:\Users\Amine-rm\.m2\repository\jline\jline\2.12\jline-2.12.jar;C:\Users\Amine-rm\.m2\repository\com\tdunning\json\1.8\json-1.8.jar;C:\Users\Amine-rm\.m2\repository\com\github\joshelser\dropwizard-metrics-hadoop-metrics2-reporter\0.1.2\dropwizard-metrics-hadoop-metrics2-reporter-0.1.2.jar;C:\Users\Amine-rm\.m2\repository\org\apache\hive\hive-exec\2.3.9\hive-exec-2.3.9-core.jar;C:\Users\Amine-rm\.m2\repository\org\antlr\antlr-runtime\3.5.2\antlr-runtime-3.5.2.jar;C:\Users\Amine-rm\.m2\repository\org\antlr\ST4\4.0.4\ST4-4.0.4.jar;C:\Users\Amine-rm\.m2\repository\stax\stax-api\1.0.1\stax-api-1.0.1.jar;C:\Users\Amine-rm\.m2\repository\org\apache\hive\hive-metastore\2.3.9\hive-metastore-2.3.9.jar;C:\Users\Amine-rm\.m2\repository\javolution\javolution\5.5.1\javolution-5.5.1.jar;C:\Users\Amine-rm\.m2\repository\com\jolbox\bonecp\0.8.0.RELEASE\bonecp-0.8.0.RELEASE.jar;C:\Users\Amine-rm\.m2\repository\com\zaxxer\HikariCP\2.5.1\HikariCP-2.5.1.jar;C:\Users\Amine-rm\.m2\repository\org\datanucleus\datanucleus-api-jdo\4.2.4\datanucleus-api-jdo-4.2.4.jar;C:\Users\Amine-rm\.m2\repository\org\datanucleus\datanucleus-rdbms\4.1.19\datanucleus-rdbms-4.1.19.jar;C:\Users\Amine-rm\.m2\repository\commons-pool\commons-pool\1.5.4\commons-pool-1.5.4.jar;C:\Users\Amine-rm\.m2\repository\commons-dbcp\commons-dbcp\1.4\commons-dbcp-1.4.jar;C:\Users\Amine-rm\.m2\repository\javax\jdo\jdo-api\3.0.1\jdo-api-3.0.1.jar;C:\Users\Amine-rm\.m2\repository\javax\transaction\jta\1.1\jta-1.1.jar;C:\Users\Amine-rm\.m2\repository\org\datanucleus\javax.jdo\3.2.0-m3\javax.jdo-3.2.0-m3.jar;C:\Users\Amine-rm\.m2\repository\javax\transaction\transaction-api\1.1\transaction-api-1.1.jar;C:\Users\Amine-rm\.m2\repository\org\apache\hive\hive-serde\2.3.9\hive-serde-2.3.9.jar;C:\Users\Amine-rm\.m2\repository\net\sf\opencsv\opencsv\2.3\opencsv-2.3.jar;C:\Users\Amine-rm\.m2\repository\org\apache\hive\hive-shims\2.3.9\hive-shims-2.3.9.jar;C:\Users\Amine-rm\.m2\repository\org\apache\hive\shims\hive-shims-common\2.3.9\hive-shims-common-2.3.9.jar;C:\Users\Amine-rm\.m2\repository\org\apache\hive\shims\hive-shims-0.23\2.3.9\hive-shims-0.23-2.3.9.jar;C:\Users\Amine-rm\.m2\repository\org\apache\hive\shims\hive-shims-scheduler\2.3.9\hive-shims-scheduler-2.3.9.jar;C:\Users\Amine-rm\.m2\repository\org\apache\hive\hive-llap-common\2.3.9\hive-llap-common-2.3.9.jar;C:\Users\Amine-rm\.m2\repository\org\apache\hive\hive-llap-client\2.3.9\hive-llap-client-2.3.9.jar;C:\Users\Amine-rm\.m2\repository\org\apache\httpcomponents\httpclient\4.5.14\httpclient-4.5.14.jar;C:\Users\Amine-rm\.m2\repository\org\apache\httpcomponents\httpcore\4.4.16\httpcore-4.4.16.jar;C:\Users\Amine-rm\.m2\repository\org\codehaus\jackson\jackson-mapper-asl\1.9.13\jackson-mapper-asl-1.9.13.jar;C:\Users\Amine-rm\.m2\repository\org\codehaus\jackson\jackson-core-asl\1.9.13\jackson-core-asl-1.9.13.jar;C:\Users\Amine-rm\.m2\repository\joda-time\joda-time\2.12.5\joda-time-2.12.5.jar;C:\Users\Amine-rm\.m2\repository\org\jodd\jodd-core\3.5.2\jodd-core-3.5.2.jar;C:\Users\Amine-rm\.m2\repository\org\datanucleus\datanucleus-core\4.1.17\datanucleus-core-4.1.17.jar;C:\Users\Amine-rm\.m2\repository\org\apache\thrift\libthrift\0.12.0\libthrift-0.12.0.jar;C:\Users\Amine-rm\.m2\repository\org\apache\thrift\libfb303\0.9.3\libfb303-0.9.3.jar;C:\Users\Amine-rm\.m2\repository\org\apache\derby\derby\10.14.2.0\derby-10.14.2.0.jar;C:\Users\Amine-rm\.m2\repository\org\apache\spark\spark-mllib_2.12\3.5.0\spark-mllib_2.12-3.5.0.jar;C:\Users\Amine-rm\.m2\repository\org\scala-lang\modules\scala-parser-combinators_2.12\2.3.0\scala-parser-combinators_2.12-2.3.0.jar;C:\Users\Amine-rm\.m2\repository\org\apache\spark\spark-graphx_2.12\3.5.0\spark-graphx_2.12-3.5.0.jar;C:\Users\Amine-rm\.m2\repository\net\sourceforge\f2j\arpack_combined_all\0.1\arpack_combined_all-0.1.jar;C:\Users\Amine-rm\.m2\repository\org\apache\spark\spark-mllib-local_2.12\3.5.0\spark-mllib-local_2.12-3.5.0.jar;C:\Users\Amine-rm\.m2\repository\org\scalanlp\breeze_2.12\2.1.0\breeze_2.12-2.1.0.jar;C:\Users\Amine-rm\.m2\repository\org\scalanlp\breeze-macros_2.12\2.1.0\breeze-macros_2.12-2.1.0.jar;C:\Users\Amine-rm\.m2\repository\com\github\wendykierp\JTransforms\3.1\JTransforms-3.1.jar;C:\Users\Amine-rm\.m2\repository\pl\edu\icm\JLargeArrays\1.5\JLargeArrays-1.5.jar;C:\Users\Amine-rm\.m2\repository\org\scala-lang\modules\scala-collection-compat_2.12\2.7.0\scala-collection-compat_2.12-2.7.0.jar;C:\Users\Amine-rm\.m2\repository\org\typelevel\spire_2.12\0.17.0\spire_2.12-0.17.0.jar;C:\Users\Amine-rm\.m2\repository\org\typelevel\spire-macros_2.12\0.17.0\spire-macros_2.12-0.17.0.jar;C:\Users\Amine-rm\.m2\repository\org\typelevel\spire-platform_2.12\0.17.0\spire-platform_2.12-0.17.0.jar;C:\Users\Amine-rm\.m2\repository\org\typelevel\spire-util_2.12\0.17.0\spire-util_2.12-0.17.0.jar;C:\Users\Amine-rm\.m2\repository\org\typelevel\algebra_2.12\2.0.1\algebra_2.12-2.0.1.jar;C:\Users\Amine-rm\.m2\repository\org\typelevel\cats-kernel_2.12\2.1.1\cats-kernel_2.12-2.1.1.jar;C:\Users\Amine-rm\.m2\repository\org\glassfish\jaxb\jaxb-runtime\2.3.2\jaxb-runtime-2.3.2.jar;C:\Users\Amine-rm\.m2\repository\jakarta\xml\bind\jakarta.xml.bind-api\2.3.2\jakarta.xml.bind-api-2.3.2.jar;C:\Users\Amine-rm\.m2\repository\com\sun\istack\istack-commons-runtime\3.0.8\istack-commons-runtime-3.0.8.jar;C:\Users\Amine-rm\.m2\repository\dev\ludovic\netlib\blas\3.0.3\blas-3.0.3.jar;C:\Users\Amine-rm\.m2\repository\dev\ludovic\netlib\lapack\3.0.3\lapack-3.0.3.jar;C:\Users\Amine-rm\.m2\repository\dev\ludovic\netlib\arpack\3.0.3\arpack-3.0.3.jar;C:\Users\Amine-rm\.m2\repository\org\scalatest\scalatest_2.12\3.2.17\scalatest_2.12-3.2.17.jar;C:\Users\Amine-rm\.m2\repository\org\scalatest\scalatest-core_2.12\3.2.17\scalatest-core_2.12-3.2.17.jar;C:\Users\Amine-rm\.m2\repository\org\scalatest\scalatest-compatible\3.2.17\scalatest-compatible-3.2.17.jar;C:\Users\Amine-rm\.m2\repository\org\scalactic\scalactic_2.12\3.2.17\scalactic_2.12-3.2.17.jar;C:\Users\Amine-rm\.m2\repository\org\scalatest\scalatest-featurespec_2.12\3.2.17\scalatest-featurespec_2.12-3.2.17.jar;C:\Users\Amine-rm\.m2\repository\org\scalatest\scalatest-flatspec_2.12\3.2.17\scalatest-flatspec_2.12-3.2.17.jar;C:\Users\Amine-rm\.m2\repository\org\scalatest\scalatest-freespec_2.12\3.2.17\scalatest-freespec_2.12-3.2.17.jar;C:\Users\Amine-rm\.m2\repository\org\scalatest\scalatest-funsuite_2.12\3.2.17\scalatest-funsuite_2.12-3.2.17.jar;C:\Users\Amine-rm\.m2\repository\org\scalatest\scalatest-funspec_2.12\3.2.17\scalatest-funspec_2.12-3.2.17.jar;C:\Users\Amine-rm\.m2\repository\org\scalatest\scalatest-propspec_2.12\3.2.17\scalatest-propspec_2.12-3.2.17.jar;C:\Users\Amine-rm\.m2\repository\org\scalatest\scalatest-refspec_2.12\3.2.17\scalatest-refspec_2.12-3.2.17.jar;C:\Users\Amine-rm\.m2\repository\org\scalatest\scalatest-wordspec_2.12\3.2.17\scalatest-wordspec_2.12-3.2.17.jar;C:\Users\Amine-rm\.m2\repository\org\scalatest\scalatest-diagrams_2.12\3.2.17\scalatest-diagrams_2.12-3.2.17.jar;C:\Users\Amine-rm\.m2\repository\org\scalatest\scalatest-matchers-core_2.12\3.2.17\scalatest-matchers-core_2.12-3.2.17.jar;C:\Users\Amine-rm\.m2\repository\org\scalatest\scalatest-shouldmatchers_2.12\3.2.17\scalatest-shouldmatchers_2.12-3.2.17.jar;C:\Users\Amine-rm\.m2\repository\org\scalatest\scalatest-mustmatchers_2.12\3.2.17\scalatest-mustmatchers_2.12-3.2.17.jar;C:\Users\Amine-rm\.m2\repository\org\scalatestplus\scalacheck-1-15_2.12\3.2.3.0\scalacheck-1-15_2.12-3.2.3.0.jar;C:\Users\Amine-rm\.m2\repository\org\scalatestplus\junit-4-13_2.12\3.2.19.0\junit-4-13_2.12-3.2.19.0.jar;C:\Users\Amine-rm\.m2\repository\org\scalacheck\scalacheck_2.12\1.15.2\scalacheck_2.12-1.15.2.jar;C:\Users\Amine-rm\.m2\repository\org\scala-sbt\test-interface\1.0\test-interface-1.0.jar;C:\Users\Amine-rm\.m2\repository\org\eclipse\jetty\jetty-util\9.4.51.v20230217\jetty-util-9.4.51.v20230217.jar;C:\Users\Amine-rm\.m2\repository\io\netty\netty-tcnative-classes\2.0.52.Final\netty-tcnative-classes-2.0.52.Final.jar;"/>
    <property name="sun.cpu.endian" value="little"/>
    <property name="user.home" value="C:\Users\Amine-rm"/>
    <property name="user.language" value="en"/>
    <property name="java.specification.vendor" value="Oracle Corporation"/>
    <property name="java.version.date" value="2024-03-19"/>
    <property name="java.home" value="C:\Users\Amine-rm\.jdks\openjdk-22"/>
    <property name="file.separator" value="\"/>
    <property name="basedir" value="C:\Users\Amine-rm\Desktop\Big-data deploy\kafka-spark-streaming-integration\spark"/>
    <property name="java.vm.compressedOopsMode" value="Zero based"/>
    <property name="line.separator" value="&#10;"/>
    <property name="java.vm.specification.vendor" value="Oracle Corporation"/>
    <property name="java.specification.name" value="Java Platform API Specification"/>
    <property name="surefire.real.class.path" value="C:\Users\Amine-rm\AppData\Local\Temp\surefire12285685459902810543\surefirebooter-20241004004542618_3.jar"/>
    <property name="user.script" value=""/>
    <property name="sun.management.compiler" value="HotSpot 64-Bit Tiered Compilers"/>
    <property name="java.runtime.version" value="22+36-2370"/>
    <property name="user.name" value="Amine-rm"/>
    <property name="stdout.encoding" value="Cp1252"/>
    <property name="path.separator" value=";"/>
    <property name="os.version" value="10.0"/>
    <property name="java.runtime.name" value="OpenJDK Runtime Environment"/>
    <property name="file.encoding" value="UTF-8"/>
    <property name="java.vm.name" value="OpenJDK 64-Bit Server VM"/>
    <property name="localRepository" value="C:\Users\Amine-rm\.m2\repository"/>
    <property name="java.vendor.url.bug" value="https://bugreport.java.com/bugreport/"/>
    <property name="java.io.tmpdir" value="C:\Users\Amine-rm\AppData\Local\Temp\"/>
    <property name="idea.version" value="2024.1.2"/>
    <property name="java.version" value="22"/>
    <property name="user.dir" value="C:\Users\Amine-rm\Desktop\Big-data deploy\kafka-spark-streaming-integration\spark"/>
    <property name="os.arch" value="amd64"/>
    <property name="java.vm.specification.name" value="Java Virtual Machine Specification"/>
    <property name="sun.os.patch.level" value=""/>
    <property name="native.encoding" value="Cp1252"/>
    <property name="java.library.path" value="C:\Users\Amine-rm\.jdks\openjdk-22\bin;C:\WINDOWS\Sun\Java\bin;C:\WINDOWS\system32;C:\WINDOWS;C:\Program Files (x86)\Common Files\Oracle\Java\javapath;C:\Python312\Scripts\;C:\Python312\;C:\Program Files\Eclipse Adoptium\jdk-21.0.1.12-hotspot\bin;C:\Python311\Scripts\;C:\Python311\;C:\Program Files (x86)\VMware\VMware Workstation\bin\;C:\oraclexe\app\oracle\product\11.2.0\server\bin;C:\Windows\system32;C:\Windows;C:\Windows\System32\Wbem;C:\Windows\System32\WindowsPowerShell\v1.0\;C:\Windows\System32\OpenSSH\;C:\Program Files\NVIDIA Corporation\NVIDIA NvDLISR;C:\Program Files (x86)\NVIDIA Corporation\PhysX\Common;C:\Users\Amine-rm\AppData\Local\Microsoft\WindowsApps;C:\Users\Amine-rm\AppData\Local\spicetify;C:\Users\Amine-rm\AppData\Local\Programs\Microsoft VS Code\bin;C:\msys64\mingw64\bin;C:\adb;C:\WINDOWS\system32;C:\WINDOWS;C:\WINDOWS\System32\Wbem;C:\WINDOWS\System32\WindowsPowerShell\v1.0\;C:\WINDOWS\System32\OpenSSH\;C:\ProgramData\chocolatey\bin;C:\Program Files\dotnet\;C:\Program Files\Microsoft SQL Server\150\Tools\Binn\;C:\Program Files\Microsoft SQL Server\Client SDK\ODBC\170\Tools\Binn\;C:\Program Files\PuTTY\;C:\Program Files\Git\cmd;C:\Program Files\nodejs\;C:\Program Files\Vagrant\bin;C:\Users\Amine-rm\AppData\Local\Microsoft\WindowsApps;C:\Users\Amine-rm\AppData\Local\spicetify;C:\msys64\mingw64\bin;C:\Program Files\JetBrains\IntelliJ IDEA 2023.3.2\bin;C:\Users\Amine-rm\.dotnet\tools;C:\Users\Amine-rm\AppData\Local\Microsoft\WinGet\Links;C:\Users\Amine-rm\AppData\Roaming\npm;C:\Users\Amine-rm\AppData\Local\JetBrains\Toolbox\scripts;C:\Users\Amine-rm\AppData\Local\Microsoft\WindowsApps;;."/>
    <property name="java.vm.info" value="mixed mode, sharing"/>
    <property name="stderr.encoding" value="Cp1252"/>
    <property name="java.vendor" value="Oracle Corporation"/>
    <property name="java.vm.version" value="22+36-2370"/>
    <property name="sun.io.unicode.encoding" value="UnicodeLittle"/>
    <property name="java.class.version" value="66.0"/>
  </properties>
  <testcase name="testApp" classname="binod.suman.spark.AppTest" time="0.002"/>
</testsuite>